<?xml version="1.0" encoding="UTF-8"?>
<testng-results total="1" passed="1" failed="0" skipped="0">
  <reporter-output>
  </reporter-output>
  <suite started-at="2020-11-11T04:26:34Z" name="Default suite" finished-at="2020-11-11T04:28:42Z" duration-ms="128167">
    <groups>
    </groups>
    <test started-at="2020-11-11T04:26:34Z" name="Default test" finished-at="2020-11-11T04:28:42Z" duration-ms="128167">
      <class name="TradeMe_Sandbox.SandBoxUsedCars.AccessMotorsPage">
        <test-method signature="accessMotors()[pri:0, instance:TradeMe_Sandbox.SandBoxUsedCars.AccessMotorsPage@47faa49c]" started-at="2020-11-11T17:26:34Z" name="accessMotors" finished-at="2020-11-11T17:28:42Z" duration-ms="128140" status="PASS">
          <reporter-output>
          </reporter-output>
        </test-method> <!-- accessMotors -->
      </class> <!-- TradeMe_Sandbox.SandBoxUsedCars.AccessMotorsPage -->
    </test> <!-- Default test -->
  </suite> <!-- Default suite -->
</testng-results>
